{"C:\\Users\\PCCOM MSI\\Documents\\Cursos webDev\\Curso Vue.js\\todos-vue-app\\todos_backend_fastify\\index.js": {"path":"C:\\Users\\PCCOM MSI\\Documents\\Cursos webDev\\Curso Vue.js\\todos-vue-app\\todos_backend_fastify\\index.js","statementMap":{"0":{"start":{"line":1,"column":0},"end":{"line":1,"column":27}},"1":{"start":{"line":3,"column":16},"end":{"line":3,"column":36}},"2":{"start":{"line":5,"column":22},"end":{"line":5,"column":82}},"3":{"start":{"line":6,"column":0},"end":{"line":9,"column":3}},"4":{"start":{"line":10,"column":0},"end":{"line":10,"column":46}},"5":{"start":{"line":11,"column":0},"end":{"line":13,"column":3}},"6":{"start":{"line":14,"column":0},"end":{"line":14,"column":46}},"7":{"start":{"line":17,"column":20},"end":{"line":17,"column":38}},"8":{"start":{"line":18,"column":13},"end":{"line":18,"column":29}},"9":{"start":{"line":20,"column":15},"end":{"line":20,"column":43}},"10":{"start":{"line":21,"column":0},"end":{"line":23,"column":3}},"11":{"start":{"line":22,"column":4},"end":{"line":22,"column":25}},"12":{"start":{"line":24,"column":0},"end":{"line":26,"column":3}},"13":{"start":{"line":25,"column":4},"end":{"line":25,"column":25}},"14":{"start":{"line":28,"column":15},"end":{"line":36,"column":1}},"15":{"start":{"line":29,"column":4},"end":{"line":35,"column":5}},"16":{"start":{"line":30,"column":8},"end":{"line":30,"column":28}},"17":{"start":{"line":31,"column":8},"end":{"line":31,"column":46}},"18":{"start":{"line":32,"column":8},"end":{"line":32,"column":55}},"19":{"start":{"line":34,"column":8},"end":{"line":34,"column":62}},"20":{"start":{"line":38,"column":0},"end":{"line":38,"column":9}},"21":{"start":{"line":40,"column":0},"end":{"line":40,"column":24}}},"fnMap":{"0":{"name":"(anonymous_0)","decl":{"start":{"line":21,"column":27},"end":{"line":21,"column":28}},"loc":{"start":{"line":21,"column":38},"end":{"line":23,"column":1}},"line":21},"1":{"name":"(anonymous_1)","decl":{"start":{"line":24,"column":26},"end":{"line":24,"column":27}},"loc":{"start":{"line":24,"column":37},"end":{"line":26,"column":1}},"line":24},"2":{"name":"(anonymous_2)","decl":{"start":{"line":28,"column":15},"end":{"line":28,"column":16}},"loc":{"start":{"line":28,"column":27},"end":{"line":36,"column":1}},"line":28}},"branchMap":{"0":{"loc":{"start":{"line":5,"column":22},"end":{"line":5,"column":82}},"type":"binary-expr","locations":[{"start":{"line":5,"column":22},"end":{"line":5,"column":53}},{"start":{"line":5,"column":57},"end":{"line":5,"column":82}}],"line":5}},"s":{"0":1,"1":1,"2":1,"3":1,"4":1,"5":1,"6":1,"7":1,"8":1,"9":1,"10":1,"11":5,"12":1,"13":3,"14":1,"15":1,"16":1,"17":1,"18":1,"19":0,"20":1,"21":1},"f":{"0":5,"1":3,"2":1},"b":{"0":[1,0]},"_coverageSchema":"1a1c01bbd47fc00a2c39e90264f33305004495a9","hash":"c3931506e1dc02aa808c199971ca78ce51733359"}
,"C:\\Users\\PCCOM MSI\\Documents\\Cursos webDev\\Curso Vue.js\\todos-vue-app\\todos_backend_fastify\\DB\\db.js": {"path":"C:\\Users\\PCCOM MSI\\Documents\\Cursos webDev\\Curso Vue.js\\todos-vue-app\\todos_backend_fastify\\DB\\db.js","statementMap":{"0":{"start":{"line":1,"column":17},"end":{"line":1,"column":36}},"1":{"start":{"line":4,"column":20},"end":{"line":12,"column":1}},"2":{"start":{"line":5,"column":4},"end":{"line":11,"column":5}},"3":{"start":{"line":6,"column":8},"end":{"line":6,"column":133}},"4":{"start":{"line":7,"column":8},"end":{"line":7,"column":68}},"5":{"start":{"line":9,"column":8},"end":{"line":9,"column":25}},"6":{"start":{"line":10,"column":8},"end":{"line":10,"column":80}},"7":{"start":{"line":14,"column":0},"end":{"line":14,"column":29}}},"fnMap":{"0":{"name":"(anonymous_0)","decl":{"start":{"line":4,"column":20},"end":{"line":4,"column":21}},"loc":{"start":{"line":4,"column":32},"end":{"line":12,"column":1}},"line":4}},"branchMap":{},"s":{"0":1,"1":1,"2":1,"3":1,"4":1,"5":0,"6":0,"7":1},"f":{"0":1},"b":{},"_coverageSchema":"1a1c01bbd47fc00a2c39e90264f33305004495a9","hash":"cd2fc579920a64c0a40260639d440926513505ea"}
,"C:\\Users\\PCCOM MSI\\Documents\\Cursos webDev\\Curso Vue.js\\todos-vue-app\\todos_backend_fastify\\Models\\Todo.js": {"path":"C:\\Users\\PCCOM MSI\\Documents\\Cursos webDev\\Curso Vue.js\\todos-vue-app\\todos_backend_fastify\\Models\\Todo.js","statementMap":{"0":{"start":{"line":1,"column":17},"end":{"line":1,"column":36}},"1":{"start":{"line":2,"column":15},"end":{"line":2,"column":30}},"2":{"start":{"line":4,"column":19},"end":{"line":9,"column":2}},"3":{"start":{"line":12,"column":13},"end":{"line":12,"column":47}},"4":{"start":{"line":14,"column":0},"end":{"line":14,"column":22}}},"fnMap":{},"branchMap":{},"s":{"0":1,"1":1,"2":1,"3":1,"4":1},"f":{},"b":{},"_coverageSchema":"1a1c01bbd47fc00a2c39e90264f33305004495a9","hash":"7b042d55bd432c3a6494a85e0489845cc568d0b8"}
,"C:\\Users\\PCCOM MSI\\Documents\\Cursos webDev\\Curso Vue.js\\todos-vue-app\\todos_backend_fastify\\Models\\User.js": {"path":"C:\\Users\\PCCOM MSI\\Documents\\Cursos webDev\\Curso Vue.js\\todos-vue-app\\todos_backend_fastify\\Models\\User.js","statementMap":{"0":{"start":{"line":1,"column":17},"end":{"line":1,"column":36}},"1":{"start":{"line":2,"column":15},"end":{"line":2,"column":30}},"2":{"start":{"line":4,"column":19},"end":{"line":11,"column":2}},"3":{"start":{"line":14,"column":13},"end":{"line":14,"column":47}},"4":{"start":{"line":16,"column":0},"end":{"line":16,"column":22}}},"fnMap":{},"branchMap":{},"s":{"0":1,"1":1,"2":1,"3":1,"4":1},"f":{},"b":{},"_coverageSchema":"1a1c01bbd47fc00a2c39e90264f33305004495a9","hash":"c8f09338013bc774486b6c5186abfe0ee50ed7bb"}
,"C:\\Users\\PCCOM MSI\\Documents\\Cursos webDev\\Curso Vue.js\\todos-vue-app\\todos_backend_fastify\\Models\\UserToken.js": {"path":"C:\\Users\\PCCOM MSI\\Documents\\Cursos webDev\\Curso Vue.js\\todos-vue-app\\todos_backend_fastify\\Models\\UserToken.js","statementMap":{"0":{"start":{"line":1,"column":17},"end":{"line":1,"column":36}},"1":{"start":{"line":2,"column":15},"end":{"line":2,"column":30}},"2":{"start":{"line":4,"column":20},"end":{"line":8,"column":2}},"3":{"start":{"line":10,"column":18},"end":{"line":10,"column":58}},"4":{"start":{"line":12,"column":0},"end":{"line":12,"column":27}}},"fnMap":{},"branchMap":{},"s":{"0":1,"1":1,"2":1,"3":1,"4":1},"f":{},"b":{},"_coverageSchema":"1a1c01bbd47fc00a2c39e90264f33305004495a9","hash":"1df124ae05f70bce7446377b7b33eed356ff7449"}
,"C:\\Users\\PCCOM MSI\\Documents\\Cursos webDev\\Curso Vue.js\\todos-vue-app\\todos_backend_fastify\\controllers\\authController\\auth.js": {"path":"C:\\Users\\PCCOM MSI\\Documents\\Cursos webDev\\Curso Vue.js\\todos-vue-app\\todos_backend_fastify\\controllers\\authController\\auth.js","statementMap":{"0":{"start":{"line":2,"column":13},"end":{"line":2,"column":41}},"1":{"start":{"line":3,"column":18},"end":{"line":3,"column":51}},"2":{"start":{"line":4,"column":15},"end":{"line":4,"column":32}},"3":{"start":{"line":5,"column":15},"end":{"line":5,"column":32}},"4":{"start":{"line":6,"column":19},"end":{"line":6,"column":21}},"5":{"start":{"line":7,"column":25},"end":{"line":7,"column":55}},"6":{"start":{"line":8,"column":15},"end":{"line":8,"column":61}},"7":{"start":{"line":10,"column":13},"end":{"line":109,"column":1}},"8":{"start":{"line":13,"column":8},"end":{"line":44,"column":9}},"9":{"start":{"line":14,"column":36},"end":{"line":14,"column":44}},"10":{"start":{"line":16,"column":29},"end":{"line":16,"column":121}},"11":{"start":{"line":17,"column":36},"end":{"line":17,"column":52}},"12":{"start":{"line":18,"column":25},"end":{"line":18,"column":65}},"13":{"start":{"line":20,"column":12},"end":{"line":41,"column":13}},"14":{"start":{"line":21,"column":29},"end":{"line":21,"column":84}},"15":{"start":{"line":22,"column":30},"end":{"line":22,"column":115}},"16":{"start":{"line":24,"column":16},"end":{"line":30,"column":19}},"17":{"start":{"line":32,"column":30},"end":{"line":32,"column":115}},"18":{"start":{"line":34,"column":16},"end":{"line":40,"column":19}},"19":{"start":{"line":43,"column":12},"end":{"line":43,"column":43}},"20":{"start":{"line":47,"column":50},"end":{"line":47,"column":58}},"21":{"start":{"line":48,"column":21},"end":{"line":48,"column":54}},"22":{"start":{"line":50,"column":8},"end":{"line":74,"column":9}},"23":{"start":{"line":52,"column":12},"end":{"line":70,"column":13}},"24":{"start":{"line":53,"column":16},"end":{"line":53,"column":61}},"25":{"start":{"line":56,"column":29},"end":{"line":56,"column":59}},"26":{"start":{"line":57,"column":33},"end":{"line":57,"column":64}},"27":{"start":{"line":58,"column":32},"end":{"line":58,"column":94}},"28":{"start":{"line":59,"column":35},"end":{"line":59,"column":130}},"29":{"start":{"line":61,"column":30},"end":{"line":61,"column":118}},"30":{"start":{"line":62,"column":16},"end":{"line":69,"column":19}},"31":{"start":{"line":73,"column":12},"end":{"line":73,"column":43}},"32":{"start":{"line":78,"column":40},"end":{"line":78,"column":48}},"33":{"start":{"line":80,"column":8},"end":{"line":107,"column":9}},"34":{"start":{"line":82,"column":25},"end":{"line":82,"column":58}},"35":{"start":{"line":83,"column":26},"end":{"line":83,"column":119}},"36":{"start":{"line":86,"column":12},"end":{"line":89,"column":13}},"37":{"start":{"line":87,"column":16},"end":{"line":87,"column":47}},"38":{"start":{"line":88,"column":16},"end":{"line":88,"column":23}},"39":{"start":{"line":90,"column":32},"end":{"line":90,"column":75}},"40":{"start":{"line":92,"column":12},"end":{"line":104,"column":13}},"41":{"start":{"line":93,"column":16},"end":{"line":93,"column":70}},"42":{"start":{"line":95,"column":19},"end":{"line":104,"column":13}},"43":{"start":{"line":97,"column":16},"end":{"line":103,"column":19}},"44":{"start":{"line":106,"column":12},"end":{"line":106,"column":66}},"45":{"start":{"line":111,"column":0},"end":{"line":111,"column":22}}},"fnMap":{"0":{"name":"(anonymous_0)","decl":{"start":{"line":11,"column":22},"end":{"line":11,"column":23}},"loc":{"start":{"line":11,"column":42},"end":{"line":45,"column":5}},"line":11},"1":{"name":"(anonymous_1)","decl":{"start":{"line":46,"column":12},"end":{"line":46,"column":13}},"loc":{"start":{"line":46,"column":32},"end":{"line":75,"column":5}},"line":46},"2":{"name":"(anonymous_2)","decl":{"start":{"line":77,"column":11},"end":{"line":77,"column":12}},"loc":{"start":{"line":77,"column":31},"end":{"line":108,"column":5}},"line":77}},"branchMap":{"0":{"loc":{"start":{"line":20,"column":12},"end":{"line":41,"column":13}},"type":"if","locations":[{"start":{"line":20,"column":12},"end":{"line":41,"column":13}},{"start":{"line":20,"column":12},"end":{"line":41,"column":13}}],"line":20},"1":{"loc":{"start":{"line":52,"column":12},"end":{"line":70,"column":13}},"type":"if","locations":[{"start":{"line":52,"column":12},"end":{"line":70,"column":13}},{"start":{"line":52,"column":12},"end":{"line":70,"column":13}}],"line":52},"2":{"loc":{"start":{"line":83,"column":26},"end":{"line":83,"column":119}},"type":"binary-expr","locations":[{"start":{"line":83,"column":26},"end":{"line":83,"column":30}},{"start":{"line":83,"column":34},"end":{"line":83,"column":119}}],"line":83},"3":{"loc":{"start":{"line":86,"column":12},"end":{"line":89,"column":13}},"type":"if","locations":[{"start":{"line":86,"column":12},"end":{"line":89,"column":13}},{"start":{"line":86,"column":12},"end":{"line":89,"column":13}}],"line":86},"4":{"loc":{"start":{"line":86,"column":16},"end":{"line":86,"column":38}},"type":"binary-expr","locations":[{"start":{"line":86,"column":16},"end":{"line":86,"column":21}},{"start":{"line":86,"column":25},"end":{"line":86,"column":38}}],"line":86},"5":{"loc":{"start":{"line":92,"column":12},"end":{"line":104,"column":13}},"type":"if","locations":[{"start":{"line":92,"column":12},"end":{"line":104,"column":13}},{"start":{"line":92,"column":12},"end":{"line":104,"column":13}}],"line":92},"6":{"loc":{"start":{"line":95,"column":19},"end":{"line":104,"column":13}},"type":"if","locations":[{"start":{"line":95,"column":19},"end":{"line":104,"column":13}},{"start":{"line":95,"column":19},"end":{"line":104,"column":13}}],"line":95}},"s":{"0":1,"1":1,"2":1,"3":1,"4":1,"5":1,"6":1,"7":1,"8":0,"9":0,"10":0,"11":0,"12":0,"13":0,"14":0,"15":0,"16":0,"17":0,"18":0,"19":0,"20":0,"21":0,"22":0,"23":0,"24":0,"25":0,"26":0,"27":0,"28":0,"29":0,"30":0,"31":0,"32":0,"33":0,"34":0,"35":0,"36":0,"37":0,"38":0,"39":0,"40":0,"41":0,"42":0,"43":0,"44":0,"45":1},"f":{"0":0,"1":0,"2":0},"b":{"0":[0,0],"1":[0,0],"2":[0,0],"3":[0,0],"4":[0,0],"5":[0,0],"6":[0,0]},"_coverageSchema":"1a1c01bbd47fc00a2c39e90264f33305004495a9","hash":"7031789838d2046b718a78fa3dfbd61773ad434d"}
,"C:\\Users\\PCCOM MSI\\Documents\\Cursos webDev\\Curso Vue.js\\todos-vue-app\\todos_backend_fastify\\controllers\\authController\\index.js": {"path":"C:\\Users\\PCCOM MSI\\Documents\\Cursos webDev\\Curso Vue.js\\todos-vue-app\\todos_backend_fastify\\controllers\\authController\\index.js","statementMap":{"0":{"start":{"line":1,"column":12},"end":{"line":1,"column":29}},"1":{"start":{"line":3,"column":0},"end":{"line":3,"column":23}}},"fnMap":{},"branchMap":{},"s":{"0":1,"1":1},"f":{},"b":{},"_coverageSchema":"1a1c01bbd47fc00a2c39e90264f33305004495a9","hash":"8eb54892ddc4646ca4467d1bb980026148db0196"}
,"C:\\Users\\PCCOM MSI\\Documents\\Cursos webDev\\Curso Vue.js\\todos-vue-app\\todos_backend_fastify\\controllers\\todosController\\index.js": {"path":"C:\\Users\\PCCOM MSI\\Documents\\Cursos webDev\\Curso Vue.js\\todos-vue-app\\todos_backend_fastify\\controllers\\todosController\\index.js","statementMap":{"0":{"start":{"line":1,"column":14},"end":{"line":1,"column":35}},"1":{"start":{"line":3,"column":0},"end":{"line":3,"column":22}}},"fnMap":{},"branchMap":{},"s":{"0":1,"1":1},"f":{},"b":{},"_coverageSchema":"1a1c01bbd47fc00a2c39e90264f33305004495a9","hash":"5c9554f82bca4470139cfca33b1b5f4cd04c3379"}
,"C:\\Users\\PCCOM MSI\\Documents\\Cursos webDev\\Curso Vue.js\\todos-vue-app\\todos_backend_fastify\\controllers\\todosController\\todos.js": {"path":"C:\\Users\\PCCOM MSI\\Documents\\Cursos webDev\\Curso Vue.js\\todos-vue-app\\todos_backend_fastify\\controllers\\todosController\\todos.js","statementMap":{"0":{"start":{"line":1,"column":13},"end":{"line":1,"column":41}},"1":{"start":{"line":2,"column":13},"end":{"line":2,"column":41}},"2":{"start":{"line":3,"column":20},"end":{"line":3,"column":45}},"3":{"start":{"line":5,"column":14},"end":{"line":122,"column":1}},"4":{"start":{"line":7,"column":22},"end":{"line":7,"column":66}},"5":{"start":{"line":9,"column":8},"end":{"line":12,"column":9}},"6":{"start":{"line":10,"column":12},"end":{"line":10,"column":57}},"7":{"start":{"line":11,"column":12},"end":{"line":11,"column":19}},"8":{"start":{"line":13,"column":27},"end":{"line":13,"column":37}},"9":{"start":{"line":14,"column":31},"end":{"line":14,"column":39}},"10":{"start":{"line":16,"column":8},"end":{"line":27,"column":9}},"11":{"start":{"line":17,"column":28},"end":{"line":17,"column":61}},"12":{"start":{"line":18,"column":25},"end":{"line":18,"column":52}},"13":{"start":{"line":19,"column":32},"end":{"line":19,"column":120}},"14":{"start":{"line":21,"column":12},"end":{"line":23,"column":14}},"15":{"start":{"line":25,"column":12},"end":{"line":25,"column":25}},"16":{"start":{"line":26,"column":12},"end":{"line":26,"column":41}},"17":{"start":{"line":32,"column":22},"end":{"line":32,"column":66}},"18":{"start":{"line":34,"column":27},"end":{"line":34,"column":37}},"19":{"start":{"line":35,"column":8},"end":{"line":49,"column":9}},"20":{"start":{"line":37,"column":12},"end":{"line":40,"column":13}},"21":{"start":{"line":38,"column":16},"end":{"line":38,"column":61}},"22":{"start":{"line":39,"column":16},"end":{"line":39,"column":23}},"23":{"start":{"line":42,"column":25},"end":{"line":42,"column":74}},"24":{"start":{"line":44,"column":12},"end":{"line":46,"column":14}},"25":{"start":{"line":48,"column":12},"end":{"line":48,"column":41}},"26":{"start":{"line":54,"column":22},"end":{"line":54,"column":66}},"27":{"start":{"line":56,"column":27},"end":{"line":56,"column":37}},"28":{"start":{"line":58,"column":8},"end":{"line":70,"column":9}},"29":{"start":{"line":59,"column":12},"end":{"line":62,"column":13}},"30":{"start":{"line":60,"column":16},"end":{"line":60,"column":61}},"31":{"start":{"line":61,"column":16},"end":{"line":61,"column":23}},"32":{"start":{"line":63,"column":25},"end":{"line":63,"column":52}},"33":{"start":{"line":65,"column":12},"end":{"line":67,"column":14}},"34":{"start":{"line":69,"column":12},"end":{"line":69,"column":41}},"35":{"start":{"line":74,"column":22},"end":{"line":74,"column":66}},"36":{"start":{"line":76,"column":35},"end":{"line":76,"column":45}},"37":{"start":{"line":77,"column":31},"end":{"line":77,"column":39}},"38":{"start":{"line":79,"column":8},"end":{"line":93,"column":9}},"39":{"start":{"line":80,"column":12},"end":{"line":83,"column":13}},"40":{"start":{"line":81,"column":16},"end":{"line":81,"column":61}},"41":{"start":{"line":82,"column":16},"end":{"line":82,"column":23}},"42":{"start":{"line":84,"column":32},"end":{"line":84,"column":109}},"43":{"start":{"line":85,"column":32},"end":{"line":85,"column":100}},"44":{"start":{"line":87,"column":12},"end":{"line":90,"column":14}},"45":{"start":{"line":92,"column":12},"end":{"line":92,"column":41}},"46":{"start":{"line":97,"column":22},"end":{"line":97,"column":66}},"47":{"start":{"line":99,"column":35},"end":{"line":99,"column":45}},"48":{"start":{"line":101,"column":8},"end":{"line":119,"column":9}},"49":{"start":{"line":103,"column":12},"end":{"line":106,"column":13}},"50":{"start":{"line":104,"column":16},"end":{"line":104,"column":61}},"51":{"start":{"line":105,"column":16},"end":{"line":105,"column":23}},"52":{"start":{"line":107,"column":25},"end":{"line":107,"column":52}},"53":{"start":{"line":108,"column":12},"end":{"line":108,"column":47}},"54":{"start":{"line":109,"column":32},"end":{"line":109,"column":111}},"55":{"start":{"line":111,"column":12},"end":{"line":114,"column":15}},"56":{"start":{"line":118,"column":12},"end":{"line":118,"column":41}},"57":{"start":{"line":124,"column":0},"end":{"line":124,"column":23}}},"fnMap":{"0":{"name":"(anonymous_0)","decl":{"start":{"line":6,"column":16},"end":{"line":6,"column":17}},"loc":{"start":{"line":6,"column":36},"end":{"line":29,"column":5}},"line":6},"1":{"name":"(anonymous_1)","decl":{"start":{"line":31,"column":14},"end":{"line":31,"column":15}},"loc":{"start":{"line":31,"column":34},"end":{"line":50,"column":5}},"line":31},"2":{"name":"(anonymous_2)","decl":{"start":{"line":52,"column":15},"end":{"line":52,"column":16}},"loc":{"start":{"line":52,"column":35},"end":{"line":71,"column":5}},"line":52},"3":{"name":"(anonymous_3)","decl":{"start":{"line":73,"column":14},"end":{"line":73,"column":15}},"loc":{"start":{"line":73,"column":34},"end":{"line":94,"column":5}},"line":73},"4":{"name":"(anonymous_4)","decl":{"start":{"line":96,"column":16},"end":{"line":96,"column":17}},"loc":{"start":{"line":96,"column":36},"end":{"line":121,"column":5}},"line":96}},"branchMap":{"0":{"loc":{"start":{"line":9,"column":8},"end":{"line":12,"column":9}},"type":"if","locations":[{"start":{"line":9,"column":8},"end":{"line":12,"column":9}},{"start":{"line":9,"column":8},"end":{"line":12,"column":9}}],"line":9},"1":{"loc":{"start":{"line":37,"column":12},"end":{"line":40,"column":13}},"type":"if","locations":[{"start":{"line":37,"column":12},"end":{"line":40,"column":13}},{"start":{"line":37,"column":12},"end":{"line":40,"column":13}}],"line":37},"2":{"loc":{"start":{"line":59,"column":12},"end":{"line":62,"column":13}},"type":"if","locations":[{"start":{"line":59,"column":12},"end":{"line":62,"column":13}},{"start":{"line":59,"column":12},"end":{"line":62,"column":13}}],"line":59},"3":{"loc":{"start":{"line":80,"column":12},"end":{"line":83,"column":13}},"type":"if","locations":[{"start":{"line":80,"column":12},"end":{"line":83,"column":13}},{"start":{"line":80,"column":12},"end":{"line":83,"column":13}}],"line":80},"4":{"loc":{"start":{"line":103,"column":12},"end":{"line":106,"column":13}},"type":"if","locations":[{"start":{"line":103,"column":12},"end":{"line":106,"column":13}},{"start":{"line":103,"column":12},"end":{"line":106,"column":13}}],"line":103}},"s":{"0":1,"1":1,"2":1,"3":1,"4":0,"5":0,"6":0,"7":0,"8":0,"9":0,"10":0,"11":0,"12":0,"13":0,"14":0,"15":0,"16":0,"17":0,"18":0,"19":0,"20":0,"21":0,"22":0,"23":0,"24":0,"25":0,"26":0,"27":0,"28":0,"29":0,"30":0,"31":0,"32":0,"33":0,"34":0,"35":0,"36":0,"37":0,"38":0,"39":0,"40":0,"41":0,"42":0,"43":0,"44":0,"45":0,"46":0,"47":0,"48":0,"49":0,"50":0,"51":0,"52":0,"53":0,"54":0,"55":0,"56":0,"57":1},"f":{"0":0,"1":0,"2":0,"3":0,"4":0},"b":{"0":[0,0],"1":[0,0],"2":[0,0],"3":[0,0],"4":[0,0]},"_coverageSchema":"1a1c01bbd47fc00a2c39e90264f33305004495a9","hash":"0932ae1541723e2c325bf55e61cfac74d3916075"}
,"C:\\Users\\PCCOM MSI\\Documents\\Cursos webDev\\Curso Vue.js\\todos-vue-app\\todos_backend_fastify\\routes\\index.js": {"path":"C:\\Users\\PCCOM MSI\\Documents\\Cursos webDev\\Curso Vue.js\\todos-vue-app\\todos_backend_fastify\\routes\\index.js","statementMap":{"0":{"start":{"line":1,"column":20},"end":{"line":1,"column":44}},"1":{"start":{"line":2,"column":19},"end":{"line":2,"column":45}},"2":{"start":{"line":4,"column":0},"end":{"line":7,"column":1}}},"fnMap":{},"branchMap":{},"s":{"0":1,"1":1,"2":1},"f":{},"b":{},"_coverageSchema":"1a1c01bbd47fc00a2c39e90264f33305004495a9","hash":"199ed29f81dfdbd2219c4f1ded00b09fef6b3033"}
,"C:\\Users\\PCCOM MSI\\Documents\\Cursos webDev\\Curso Vue.js\\todos-vue-app\\todos_backend_fastify\\routes\\auth\\index.js": {"path":"C:\\Users\\PCCOM MSI\\Documents\\Cursos webDev\\Curso Vue.js\\todos-vue-app\\todos_backend_fastify\\routes\\auth\\index.js","statementMap":{"0":{"start":{"line":1,"column":23},"end":{"line":1,"column":75}},"1":{"start":{"line":3,"column":15},"end":{"line":20,"column":1}},"2":{"start":{"line":22,"column":0},"end":{"line":22,"column":24}}},"fnMap":{},"branchMap":{},"s":{"0":1,"1":1,"2":1},"f":{},"b":{},"_coverageSchema":"1a1c01bbd47fc00a2c39e90264f33305004495a9","hash":"81ebc2a78f0399a964f7d06f2fef5a5c0c665d48"}
,"C:\\Users\\PCCOM MSI\\Documents\\Cursos webDev\\Curso Vue.js\\todos-vue-app\\todos_backend_fastify\\routes\\todos\\index.js": {"path":"C:\\Users\\PCCOM MSI\\Documents\\Cursos webDev\\Curso Vue.js\\todos-vue-app\\todos_backend_fastify\\routes\\todos\\index.js","statementMap":{"0":{"start":{"line":1,"column":24},"end":{"line":1,"column":77}},"1":{"start":{"line":3,"column":15},"end":{"line":31,"column":1}},"2":{"start":{"line":35,"column":0},"end":{"line":35,"column":24}}},"fnMap":{},"branchMap":{},"s":{"0":1,"1":1,"2":1},"f":{},"b":{},"_coverageSchema":"1a1c01bbd47fc00a2c39e90264f33305004495a9","hash":"ffec79dac446e6b735b2f933851a850891b7138f"}
}
