{"C:\\Users\\PCCOM MSI\\Documents\\Cursos webDev\\Curso Vue.js\\todos-vue-app\\todos_backend_fastify\\Models\\Todo.js": {"path":"C:\\Users\\PCCOM MSI\\Documents\\Cursos webDev\\Curso Vue.js\\todos-vue-app\\todos_backend_fastify\\Models\\Todo.js","statementMap":{"0":{"start":{"line":1,"column":17},"end":{"line":1,"column":36}},"1":{"start":{"line":2,"column":15},"end":{"line":2,"column":30}},"2":{"start":{"line":4,"column":19},"end":{"line":9,"column":2}},"3":{"start":{"line":12,"column":13},"end":{"line":12,"column":47}},"4":{"start":{"line":14,"column":0},"end":{"line":14,"column":22}}},"fnMap":{},"branchMap":{},"s":{"0":5,"1":5,"2":5,"3":5,"4":5},"f":{},"b":{},"_coverageSchema":"1a1c01bbd47fc00a2c39e90264f33305004495a9","hash":"7b042d55bd432c3a6494a85e0489845cc568d0b8"}
,"C:\\Users\\PCCOM MSI\\Documents\\Cursos webDev\\Curso Vue.js\\todos-vue-app\\todos_backend_fastify\\Models\\User.js": {"path":"C:\\Users\\PCCOM MSI\\Documents\\Cursos webDev\\Curso Vue.js\\todos-vue-app\\todos_backend_fastify\\Models\\User.js","statementMap":{"0":{"start":{"line":1,"column":17},"end":{"line":1,"column":36}},"1":{"start":{"line":2,"column":15},"end":{"line":2,"column":30}},"2":{"start":{"line":4,"column":19},"end":{"line":11,"column":2}},"3":{"start":{"line":14,"column":13},"end":{"line":14,"column":47}},"4":{"start":{"line":16,"column":0},"end":{"line":16,"column":22}}},"fnMap":{},"branchMap":{},"s":{"0":5,"1":5,"2":5,"3":5,"4":5},"f":{},"b":{},"_coverageSchema":"1a1c01bbd47fc00a2c39e90264f33305004495a9","hash":"c8f09338013bc774486b6c5186abfe0ee50ed7bb"}
,"C:\\Users\\PCCOM MSI\\Documents\\Cursos webDev\\Curso Vue.js\\todos-vue-app\\todos_backend_fastify\\controllers\\todosController\\index.js": {"path":"C:\\Users\\PCCOM MSI\\Documents\\Cursos webDev\\Curso Vue.js\\todos-vue-app\\todos_backend_fastify\\controllers\\todosController\\index.js","statementMap":{"0":{"start":{"line":1,"column":14},"end":{"line":1,"column":35}},"1":{"start":{"line":3,"column":0},"end":{"line":3,"column":22}}},"fnMap":{},"branchMap":{},"s":{"0":5,"1":5},"f":{},"b":{},"_coverageSchema":"1a1c01bbd47fc00a2c39e90264f33305004495a9","hash":"5c9554f82bca4470139cfca33b1b5f4cd04c3379"}
,"C:\\Users\\PCCOM MSI\\Documents\\Cursos webDev\\Curso Vue.js\\todos-vue-app\\todos_backend_fastify\\controllers\\todosController\\todos.js": {"path":"C:\\Users\\PCCOM MSI\\Documents\\Cursos webDev\\Curso Vue.js\\todos-vue-app\\todos_backend_fastify\\controllers\\todosController\\todos.js","statementMap":{"0":{"start":{"line":1,"column":13},"end":{"line":1,"column":41}},"1":{"start":{"line":2,"column":13},"end":{"line":2,"column":41}},"2":{"start":{"line":3,"column":20},"end":{"line":3,"column":45}},"3":{"start":{"line":5,"column":14},"end":{"line":119,"column":1}},"4":{"start":{"line":7,"column":22},"end":{"line":7,"column":66}},"5":{"start":{"line":9,"column":8},"end":{"line":12,"column":9}},"6":{"start":{"line":10,"column":12},"end":{"line":10,"column":57}},"7":{"start":{"line":11,"column":12},"end":{"line":11,"column":19}},"8":{"start":{"line":13,"column":27},"end":{"line":13,"column":37}},"9":{"start":{"line":14,"column":31},"end":{"line":14,"column":39}},"10":{"start":{"line":16,"column":8},"end":{"line":26,"column":9}},"11":{"start":{"line":17,"column":28},"end":{"line":17,"column":61}},"12":{"start":{"line":18,"column":32},"end":{"line":18,"column":122}},"13":{"start":{"line":20,"column":12},"end":{"line":22,"column":14}},"14":{"start":{"line":24,"column":12},"end":{"line":24,"column":28}},"15":{"start":{"line":25,"column":12},"end":{"line":25,"column":41}},"16":{"start":{"line":31,"column":22},"end":{"line":31,"column":66}},"17":{"start":{"line":33,"column":27},"end":{"line":33,"column":37}},"18":{"start":{"line":34,"column":8},"end":{"line":48,"column":9}},"19":{"start":{"line":36,"column":12},"end":{"line":39,"column":13}},"20":{"start":{"line":37,"column":16},"end":{"line":37,"column":61}},"21":{"start":{"line":38,"column":16},"end":{"line":38,"column":23}},"22":{"start":{"line":41,"column":25},"end":{"line":41,"column":74}},"23":{"start":{"line":43,"column":12},"end":{"line":45,"column":14}},"24":{"start":{"line":47,"column":12},"end":{"line":47,"column":41}},"25":{"start":{"line":53,"column":22},"end":{"line":53,"column":66}},"26":{"start":{"line":55,"column":27},"end":{"line":55,"column":37}},"27":{"start":{"line":57,"column":8},"end":{"line":69,"column":9}},"28":{"start":{"line":58,"column":12},"end":{"line":61,"column":13}},"29":{"start":{"line":59,"column":16},"end":{"line":59,"column":61}},"30":{"start":{"line":60,"column":16},"end":{"line":60,"column":23}},"31":{"start":{"line":62,"column":25},"end":{"line":62,"column":52}},"32":{"start":{"line":64,"column":12},"end":{"line":66,"column":14}},"33":{"start":{"line":68,"column":12},"end":{"line":68,"column":41}},"34":{"start":{"line":73,"column":22},"end":{"line":73,"column":66}},"35":{"start":{"line":75,"column":35},"end":{"line":75,"column":45}},"36":{"start":{"line":76,"column":31},"end":{"line":76,"column":39}},"37":{"start":{"line":78,"column":8},"end":{"line":91,"column":9}},"38":{"start":{"line":79,"column":12},"end":{"line":82,"column":13}},"39":{"start":{"line":80,"column":16},"end":{"line":80,"column":61}},"40":{"start":{"line":81,"column":16},"end":{"line":81,"column":23}},"41":{"start":{"line":83,"column":32},"end":{"line":83,"column":109}},"42":{"start":{"line":84,"column":12},"end":{"line":84,"column":80}},"43":{"start":{"line":86,"column":12},"end":{"line":88,"column":14}},"44":{"start":{"line":90,"column":12},"end":{"line":90,"column":41}},"45":{"start":{"line":95,"column":22},"end":{"line":95,"column":66}},"46":{"start":{"line":97,"column":35},"end":{"line":97,"column":45}},"47":{"start":{"line":99,"column":8},"end":{"line":116,"column":9}},"48":{"start":{"line":101,"column":12},"end":{"line":104,"column":13}},"49":{"start":{"line":102,"column":16},"end":{"line":102,"column":61}},"50":{"start":{"line":103,"column":16},"end":{"line":103,"column":23}},"51":{"start":{"line":105,"column":25},"end":{"line":105,"column":52}},"52":{"start":{"line":106,"column":12},"end":{"line":106,"column":49}},"53":{"start":{"line":107,"column":12},"end":{"line":107,"column":91}},"54":{"start":{"line":109,"column":12},"end":{"line":111,"column":15}},"55":{"start":{"line":115,"column":12},"end":{"line":115,"column":41}},"56":{"start":{"line":121,"column":0},"end":{"line":121,"column":23}}},"fnMap":{"0":{"name":"(anonymous_0)","decl":{"start":{"line":6,"column":16},"end":{"line":6,"column":17}},"loc":{"start":{"line":6,"column":36},"end":{"line":28,"column":5}},"line":6},"1":{"name":"(anonymous_1)","decl":{"start":{"line":30,"column":14},"end":{"line":30,"column":15}},"loc":{"start":{"line":30,"column":34},"end":{"line":49,"column":5}},"line":30},"2":{"name":"(anonymous_2)","decl":{"start":{"line":51,"column":15},"end":{"line":51,"column":16}},"loc":{"start":{"line":51,"column":35},"end":{"line":70,"column":5}},"line":51},"3":{"name":"(anonymous_3)","decl":{"start":{"line":72,"column":14},"end":{"line":72,"column":15}},"loc":{"start":{"line":72,"column":34},"end":{"line":92,"column":5}},"line":72},"4":{"name":"(anonymous_4)","decl":{"start":{"line":94,"column":16},"end":{"line":94,"column":17}},"loc":{"start":{"line":94,"column":36},"end":{"line":118,"column":5}},"line":94}},"branchMap":{"0":{"loc":{"start":{"line":9,"column":8},"end":{"line":12,"column":9}},"type":"if","locations":[{"start":{"line":9,"column":8},"end":{"line":12,"column":9}},{"start":{"line":9,"column":8},"end":{"line":12,"column":9}}],"line":9},"1":{"loc":{"start":{"line":36,"column":12},"end":{"line":39,"column":13}},"type":"if","locations":[{"start":{"line":36,"column":12},"end":{"line":39,"column":13}},{"start":{"line":36,"column":12},"end":{"line":39,"column":13}}],"line":36},"2":{"loc":{"start":{"line":58,"column":12},"end":{"line":61,"column":13}},"type":"if","locations":[{"start":{"line":58,"column":12},"end":{"line":61,"column":13}},{"start":{"line":58,"column":12},"end":{"line":61,"column":13}}],"line":58},"3":{"loc":{"start":{"line":79,"column":12},"end":{"line":82,"column":13}},"type":"if","locations":[{"start":{"line":79,"column":12},"end":{"line":82,"column":13}},{"start":{"line":79,"column":12},"end":{"line":82,"column":13}}],"line":79},"4":{"loc":{"start":{"line":101,"column":12},"end":{"line":104,"column":13}},"type":"if","locations":[{"start":{"line":101,"column":12},"end":{"line":104,"column":13}},{"start":{"line":101,"column":12},"end":{"line":104,"column":13}}],"line":101}},"s":{"0":5,"1":5,"2":5,"3":5,"4":2,"5":2,"6":0,"7":0,"8":2,"9":2,"10":2,"11":2,"12":1,"13":1,"14":1,"15":1,"16":1,"17":1,"18":1,"19":1,"20":0,"21":0,"22":1,"23":0,"24":1,"25":1,"26":1,"27":1,"28":1,"29":0,"30":0,"31":1,"32":1,"33":0,"34":1,"35":1,"36":1,"37":1,"38":1,"39":0,"40":0,"41":1,"42":1,"43":1,"44":0,"45":1,"46":1,"47":1,"48":1,"49":0,"50":0,"51":1,"52":1,"53":1,"54":1,"55":0,"56":5},"f":{"0":2,"1":1,"2":1,"3":1,"4":1},"b":{"0":[0,2],"1":[0,1],"2":[0,1],"3":[0,1],"4":[0,1]},"_coverageSchema":"1a1c01bbd47fc00a2c39e90264f33305004495a9","hash":"be1bfc8b70ea04c0926392d3ae97a28e761c223c"}
}
