TN:
SF:Models\Todo.js
FNF:0
FNH:0
DA:1,5
DA:2,5
DA:4,5
DA:12,5
DA:14,5
LF:5
LH:5
BRF:0
BRH:0
end_of_record
TN:
SF:Models\User.js
FNF:0
FNH:0
DA:1,5
DA:2,5
DA:4,5
DA:14,5
DA:16,5
LF:5
LH:5
BRF:0
BRH:0
end_of_record
TN:
SF:controllers\todosController\index.js
FNF:0
FNH:0
DA:1,5
DA:3,5
LF:2
LH:2
BRF:0
BRH:0
end_of_record
TN:
SF:controllers\todosController\todos.js
FN:6,(anonymous_0)
FN:30,(anonymous_1)
FN:51,(anonymous_2)
FN:72,(anonymous_3)
FN:94,(anonymous_4)
FNF:5
FNH:5
FNDA:2,(anonymous_0)
FNDA:1,(anonymous_1)
FNDA:1,(anonymous_2)
FNDA:1,(anonymous_3)
FNDA:1,(anonymous_4)
DA:1,5
DA:2,5
DA:3,5
DA:5,5
DA:7,2
DA:9,2
DA:10,0
DA:11,0
DA:13,2
DA:14,2
DA:16,2
DA:17,2
DA:18,1
DA:20,1
DA:24,1
DA:25,1
DA:31,1
DA:33,1
DA:34,1
DA:36,1
DA:37,0
DA:38,0
DA:41,1
DA:43,0
DA:47,1
DA:53,1
DA:55,1
DA:57,1
DA:58,1
DA:59,0
DA:60,0
DA:62,1
DA:64,1
DA:68,0
DA:73,1
DA:75,1
DA:76,1
DA:78,1
DA:79,1
DA:80,0
DA:81,0
DA:83,1
DA:84,1
DA:86,1
DA:90,0
DA:95,1
DA:97,1
DA:99,1
DA:101,1
DA:102,0
DA:103,0
DA:105,1
DA:106,1
DA:107,1
DA:109,1
DA:115,0
DA:121,5
LF:57
LH:43
BRDA:9,0,0,0
BRDA:9,0,1,2
BRDA:36,1,0,0
BRDA:36,1,1,1
BRDA:58,2,0,0
BRDA:58,2,1,1
BRDA:79,3,0,0
BRDA:79,3,1,1
BRDA:101,4,0,0
BRDA:101,4,1,1
BRF:10
BRH:5
end_of_record
